  hw2.cpp
C:\Users\user\source\repos\CTIS164\HW2\hw2\hw2.cpp(110,28): warning C4244: '=': conversion from 'double' to 'float', possible loss of data
C:\Users\user\source\repos\CTIS164\HW2\hw2\hw2.cpp(111,42): warning C4244: 'argument': conversion from 'double' to 'GLfloat', possible loss of data
C:\Users\user\source\repos\CTIS164\HW2\hw2\hw2.cpp(111,22): warning C4244: 'argument': conversion from 'double' to 'GLfloat', possible loss of data
C:\Users\user\source\repos\CTIS164\HW2\hw2\hw2.cpp(124,28): warning C4244: '=': conversion from 'double' to 'float', possible loss of data
C:\Users\user\source\repos\CTIS164\HW2\hw2\hw2.cpp(125,42): warning C4244: 'argument': conversion from 'double' to 'GLfloat', possible loss of data
C:\Users\user\source\repos\CTIS164\HW2\hw2\hw2.cpp(125,22): warning C4244: 'argument': conversion from 'double' to 'GLfloat', possible loss of data
C:\Users\user\source\repos\CTIS164\HW2\hw2\hw2.cpp(135,67): warning C4244: 'argument': conversion from 'double' to 'GLfloat', possible loss of data
C:\Users\user\source\repos\CTIS164\HW2\hw2\hw2.cpp(135,41): warning C4244: 'argument': conversion from 'double' to 'GLfloat', possible loss of data
C:\Users\user\source\repos\CTIS164\HW2\hw2\hw2.cpp(144,22): warning C4244: 'argument': conversion from 'int' to 'GLfloat', possible loss of data
C:\Users\user\source\repos\CTIS164\HW2\hw2\hw2.cpp(144,19): warning C4244: 'argument': conversion from 'int' to 'GLfloat', possible loss of data
C:\Users\user\source\repos\CTIS164\HW2\hw2\hw2.cpp(163,22): warning C4244: 'argument': conversion from 'int' to 'GLfloat', possible loss of data
C:\Users\user\source\repos\CTIS164\HW2\hw2\hw2.cpp(163,19): warning C4244: 'argument': conversion from 'int' to 'GLfloat', possible loss of data
C:\Users\user\source\repos\CTIS164\HW2\hw2\hw2.cpp(179,21): warning C4244: 'argument': conversion from 'int' to 'GLfloat', possible loss of data
C:\Users\user\source\repos\CTIS164\HW2\hw2\hw2.cpp(179,18): warning C4244: 'argument': conversion from 'int' to 'GLfloat', possible loss of data
C:\Users\user\source\repos\CTIS164\HW2\hw2\hw2.cpp(205,50): warning C4244: 'argument': conversion from 'int' to 'GLfloat', possible loss of data
C:\Users\user\source\repos\CTIS164\HW2\hw2\hw2.cpp(205,38): warning C4244: 'argument': conversion from 'int' to 'GLfloat', possible loss of data
C:\Users\user\source\repos\CTIS164\HW2\hw2\hw2.cpp(205,28): warning C4244: 'argument': conversion from 'int' to 'GLfloat', possible loss of data
C:\Users\user\source\repos\CTIS164\HW2\hw2\hw2.cpp(205,19): warning C4244: 'argument': conversion from 'int' to 'GLfloat', possible loss of data
C:\Users\user\source\repos\CTIS164\HW2\hw2\hw2.cpp(212,31): warning C4244: 'argument': conversion from 'int' to 'GLfloat', possible loss of data
C:\Users\user\source\repos\CTIS164\HW2\hw2\hw2.cpp(212,22): warning C4244: 'argument': conversion from 'int' to 'GLfloat', possible loss of data
C:\Users\user\source\repos\CTIS164\HW2\hw2\hw2.cpp(213,34): warning C4244: 'argument': conversion from 'int' to 'GLfloat', possible loss of data
C:\Users\user\source\repos\CTIS164\HW2\hw2\hw2.cpp(213,22): warning C4244: 'argument': conversion from 'int' to 'GLfloat', possible loss of data
C:\Users\user\source\repos\CTIS164\HW2\hw2\hw2.cpp(214,34): warning C4244: 'argument': conversion from 'int' to 'GLfloat', possible loss of data
C:\Users\user\source\repos\CTIS164\HW2\hw2\hw2.cpp(214,22): warning C4244: 'argument': conversion from 'int' to 'GLfloat', possible loss of data
C:\Users\user\source\repos\CTIS164\HW2\hw2\hw2.cpp(221,31): warning C4244: 'argument': conversion from 'int' to 'GLfloat', possible loss of data
C:\Users\user\source\repos\CTIS164\HW2\hw2\hw2.cpp(221,22): warning C4244: 'argument': conversion from 'int' to 'GLfloat', possible loss of data
C:\Users\user\source\repos\CTIS164\HW2\hw2\hw2.cpp(222,34): warning C4244: 'argument': conversion from 'int' to 'GLfloat', possible loss of data
C:\Users\user\source\repos\CTIS164\HW2\hw2\hw2.cpp(222,22): warning C4244: 'argument': conversion from 'int' to 'GLfloat', possible loss of data
C:\Users\user\source\repos\CTIS164\HW2\hw2\hw2.cpp(223,34): warning C4244: 'argument': conversion from 'int' to 'GLfloat', possible loss of data
C:\Users\user\source\repos\CTIS164\HW2\hw2\hw2.cpp(223,22): warning C4244: 'argument': conversion from 'int' to 'GLfloat', possible loss of data
C:\Users\user\source\repos\CTIS164\HW2\hw2\hw2.cpp(232,31): warning C4244: 'argument': conversion from 'int' to 'GLfloat', possible loss of data
C:\Users\user\source\repos\CTIS164\HW2\hw2\hw2.cpp(232,22): warning C4244: 'argument': conversion from 'int' to 'GLfloat', possible loss of data
C:\Users\user\source\repos\CTIS164\HW2\hw2\hw2.cpp(233,34): warning C4244: 'argument': conversion from 'int' to 'GLfloat', possible loss of data
C:\Users\user\source\repos\CTIS164\HW2\hw2\hw2.cpp(233,22): warning C4244: 'argument': conversion from 'int' to 'GLfloat', possible loss of data
C:\Users\user\source\repos\CTIS164\HW2\hw2\hw2.cpp(234,31): warning C4244: 'argument': conversion from 'int' to 'GLfloat', possible loss of data
C:\Users\user\source\repos\CTIS164\HW2\hw2\hw2.cpp(234,22): warning C4244: 'argument': conversion from 'int' to 'GLfloat', possible loss of data
C:\Users\user\source\repos\CTIS164\HW2\hw2\hw2.cpp(237,31): warning C4244: 'argument': conversion from 'int' to 'GLfloat', possible loss of data
C:\Users\user\source\repos\CTIS164\HW2\hw2\hw2.cpp(237,22): warning C4244: 'argument': conversion from 'int' to 'GLfloat', possible loss of data
C:\Users\user\source\repos\CTIS164\HW2\hw2\hw2.cpp(238,34): warning C4244: 'argument': conversion from 'int' to 'GLfloat', possible loss of data
C:\Users\user\source\repos\CTIS164\HW2\hw2\hw2.cpp(238,22): warning C4244: 'argument': conversion from 'int' to 'GLfloat', possible loss of data
C:\Users\user\source\repos\CTIS164\HW2\hw2\hw2.cpp(239,31): warning C4244: 'argument': conversion from 'int' to 'GLfloat', possible loss of data
C:\Users\user\source\repos\CTIS164\HW2\hw2\hw2.cpp(239,22): warning C4244: 'argument': conversion from 'int' to 'GLfloat', possible loss of data
C:\Users\user\source\repos\CTIS164\HW2\hw2\hw2.cpp(242,31): warning C4244: 'argument': conversion from 'int' to 'GLfloat', possible loss of data
C:\Users\user\source\repos\CTIS164\HW2\hw2\hw2.cpp(242,22): warning C4244: 'argument': conversion from 'int' to 'GLfloat', possible loss of data
C:\Users\user\source\repos\CTIS164\HW2\hw2\hw2.cpp(243,34): warning C4244: 'argument': conversion from 'int' to 'GLfloat', possible loss of data
C:\Users\user\source\repos\CTIS164\HW2\hw2\hw2.cpp(243,22): warning C4244: 'argument': conversion from 'int' to 'GLfloat', possible loss of data
C:\Users\user\source\repos\CTIS164\HW2\hw2\hw2.cpp(244,31): warning C4244: 'argument': conversion from 'int' to 'GLfloat', possible loss of data
C:\Users\user\source\repos\CTIS164\HW2\hw2\hw2.cpp(244,22): warning C4244: 'argument': conversion from 'int' to 'GLfloat', possible loss of data
C:\Users\user\source\repos\CTIS164\HW2\hw2\hw2.cpp(247,31): warning C4244: 'argument': conversion from 'int' to 'GLfloat', possible loss of data
C:\Users\user\source\repos\CTIS164\HW2\hw2\hw2.cpp(247,22): warning C4244: 'argument': conversion from 'int' to 'GLfloat', possible loss of data
C:\Users\user\source\repos\CTIS164\HW2\hw2\hw2.cpp(248,34): warning C4244: 'argument': conversion from 'int' to 'GLfloat', possible loss of data
C:\Users\user\source\repos\CTIS164\HW2\hw2\hw2.cpp(248,22): warning C4244: 'argument': conversion from 'int' to 'GLfloat', possible loss of data
C:\Users\user\source\repos\CTIS164\HW2\hw2\hw2.cpp(249,31): warning C4244: 'argument': conversion from 'int' to 'GLfloat', possible loss of data
C:\Users\user\source\repos\CTIS164\HW2\hw2\hw2.cpp(249,22): warning C4244: 'argument': conversion from 'int' to 'GLfloat', possible loss of data
C:\Users\user\source\repos\CTIS164\HW2\hw2\hw2.cpp(256,55): warning C4244: 'argument': conversion from 'int' to 'GLfloat', possible loss of data
C:\Users\user\source\repos\CTIS164\HW2\hw2\hw2.cpp(256,43): warning C4244: 'argument': conversion from 'int' to 'GLfloat', possible loss of data
C:\Users\user\source\repos\CTIS164\HW2\hw2\hw2.cpp(256,31): warning C4244: 'argument': conversion from 'int' to 'GLfloat', possible loss of data
C:\Users\user\source\repos\CTIS164\HW2\hw2\hw2.cpp(256,19): warning C4244: 'argument': conversion from 'int' to 'GLfloat', possible loss of data
C:\Users\user\source\repos\CTIS164\HW2\hw2\hw2.cpp(263,31): warning C4244: 'argument': conversion from 'int' to 'GLfloat', possible loss of data
C:\Users\user\source\repos\CTIS164\HW2\hw2\hw2.cpp(263,22): warning C4244: 'argument': conversion from 'int' to 'GLfloat', possible loss of data
C:\Users\user\source\repos\CTIS164\HW2\hw2\hw2.cpp(264,34): warning C4244: 'argument': conversion from 'int' to 'GLfloat', possible loss of data
C:\Users\user\source\repos\CTIS164\HW2\hw2\hw2.cpp(264,22): warning C4244: 'argument': conversion from 'int' to 'GLfloat', possible loss of data
C:\Users\user\source\repos\CTIS164\HW2\hw2\hw2.cpp(265,29): warning C4244: 'argument': conversion from 'int' to 'GLfloat', possible loss of data
C:\Users\user\source\repos\CTIS164\HW2\hw2\hw2.cpp(265,19): warning C4244: 'argument': conversion from 'int' to 'GLfloat', possible loss of data
C:\Users\user\source\repos\CTIS164\HW2\hw2\hw2.cpp(266,34): warning C4244: 'argument': conversion from 'int' to 'GLfloat', possible loss of data
C:\Users\user\source\repos\CTIS164\HW2\hw2\hw2.cpp(266,22): warning C4244: 'argument': conversion from 'int' to 'GLfloat', possible loss of data
C:\Users\user\source\repos\CTIS164\HW2\hw2\hw2.cpp(267,31): warning C4244: 'argument': conversion from 'int' to 'GLfloat', possible loss of data
C:\Users\user\source\repos\CTIS164\HW2\hw2\hw2.cpp(267,22): warning C4244: 'argument': conversion from 'int' to 'GLfloat', possible loss of data
C:\Users\user\source\repos\CTIS164\HW2\hw2\hw2.cpp(281,19): warning C4244: 'argument': conversion from 'int' to 'GLfloat', possible loss of data
C:\Users\user\source\repos\CTIS164\HW2\hw2\hw2.cpp(281,16): warning C4244: 'argument': conversion from 'int' to 'GLfloat', possible loss of data
C:\Users\user\source\repos\CTIS164\HW2\hw2\hw2.cpp(282,24): warning C4244: 'argument': conversion from 'int' to 'GLfloat', possible loss of data
C:\Users\user\source\repos\CTIS164\HW2\hw2\hw2.cpp(282,18): warning C4244: 'argument': conversion from 'int' to 'GLfloat', possible loss of data
C:\Users\user\source\repos\CTIS164\HW2\hw2\hw2.cpp(283,26): warning C4244: 'argument': conversion from 'int' to 'GLfloat', possible loss of data
C:\Users\user\source\repos\CTIS164\HW2\hw2\hw2.cpp(283,18): warning C4244: 'argument': conversion from 'int' to 'GLfloat', possible loss of data
C:\Users\user\source\repos\CTIS164\HW2\hw2\hw2.cpp(284,26): warning C4244: 'argument': conversion from 'int' to 'GLfloat', possible loss of data
C:\Users\user\source\repos\CTIS164\HW2\hw2\hw2.cpp(284,18): warning C4244: 'argument': conversion from 'int' to 'GLfloat', possible loss of data
C:\Users\user\source\repos\CTIS164\HW2\hw2\hw2.cpp(285,26): warning C4244: 'argument': conversion from 'int' to 'GLfloat', possible loss of data
C:\Users\user\source\repos\CTIS164\HW2\hw2\hw2.cpp(285,18): warning C4244: 'argument': conversion from 'int' to 'GLfloat', possible loss of data
C:\Users\user\source\repos\CTIS164\HW2\hw2\hw2.cpp(286,26): warning C4244: 'argument': conversion from 'int' to 'GLfloat', possible loss of data
C:\Users\user\source\repos\CTIS164\HW2\hw2\hw2.cpp(286,18): warning C4244: 'argument': conversion from 'int' to 'GLfloat', possible loss of data
C:\Users\user\source\repos\CTIS164\HW2\hw2\hw2.cpp(287,26): warning C4244: 'argument': conversion from 'int' to 'GLfloat', possible loss of data
C:\Users\user\source\repos\CTIS164\HW2\hw2\hw2.cpp(287,18): warning C4244: 'argument': conversion from 'int' to 'GLfloat', possible loss of data
C:\Users\user\source\repos\CTIS164\HW2\hw2\hw2.cpp(288,26): warning C4244: 'argument': conversion from 'int' to 'GLfloat', possible loss of data
C:\Users\user\source\repos\CTIS164\HW2\hw2\hw2.cpp(288,18): warning C4244: 'argument': conversion from 'int' to 'GLfloat', possible loss of data
C:\Users\user\source\repos\CTIS164\HW2\hw2\hw2.cpp(289,26): warning C4244: 'argument': conversion from 'int' to 'GLfloat', possible loss of data
C:\Users\user\source\repos\CTIS164\HW2\hw2\hw2.cpp(289,18): warning C4244: 'argument': conversion from 'int' to 'GLfloat', possible loss of data
C:\Users\user\source\repos\CTIS164\HW2\hw2\hw2.cpp(290,26): warning C4244: 'argument': conversion from 'int' to 'GLfloat', possible loss of data
C:\Users\user\source\repos\CTIS164\HW2\hw2\hw2.cpp(290,18): warning C4244: 'argument': conversion from 'int' to 'GLfloat', possible loss of data
C:\Users\user\source\repos\CTIS164\HW2\hw2\hw2.cpp(291,26): warning C4244: 'argument': conversion from 'int' to 'GLfloat', possible loss of data
C:\Users\user\source\repos\CTIS164\HW2\hw2\hw2.cpp(291,18): warning C4244: 'argument': conversion from 'int' to 'GLfloat', possible loss of data
C:\Users\user\source\repos\CTIS164\HW2\hw2\hw2.cpp(292,26): warning C4244: 'argument': conversion from 'int' to 'GLfloat', possible loss of data
C:\Users\user\source\repos\CTIS164\HW2\hw2\hw2.cpp(292,18): warning C4244: 'argument': conversion from 'int' to 'GLfloat', possible loss of data
C:\Users\user\source\repos\CTIS164\HW2\hw2\hw2.cpp(293,26): warning C4244: 'argument': conversion from 'int' to 'GLfloat', possible loss of data
C:\Users\user\source\repos\CTIS164\HW2\hw2\hw2.cpp(293,18): warning C4244: 'argument': conversion from 'int' to 'GLfloat', possible loss of data
C:\Users\user\source\repos\CTIS164\HW2\hw2\hw2.cpp(294,26): warning C4244: 'argument': conversion from 'int' to 'GLfloat', possible loss of data
C:\Users\user\source\repos\CTIS164\HW2\hw2\hw2.cpp(294,18): warning C4244: 'argument': conversion from 'int' to 'GLfloat', possible loss of data
C:\Users\user\source\repos\CTIS164\HW2\hw2\hw2.cpp(295,26): warning C4244: 'argument': conversion from 'int' to 'GLfloat', possible loss of data
C:\Users\user\source\repos\CTIS164\HW2\hw2\hw2.cpp(295,18): warning C4244: 'argument': conversion from 'int' to 'GLfloat', possible loss of data
C:\Users\user\source\repos\CTIS164\HW2\hw2\hw2.cpp(296,21): warning C4244: 'argument': conversion from 'int' to 'GLfloat', possible loss of data
C:\Users\user\source\repos\CTIS164\HW2\hw2\hw2.cpp(296,16): warning C4244: 'argument': conversion from 'int' to 'GLfloat', possible loss of data
C:\Users\user\source\repos\CTIS164\HW2\hw2\hw2.cpp(297,26): warning C4244: 'argument': conversion from 'int' to 'GLfloat', possible loss of data
C:\Users\user\source\repos\CTIS164\HW2\hw2\hw2.cpp(297,18): warning C4244: 'argument': conversion from 'int' to 'GLfloat', possible loss of data
C:\Users\user\source\repos\CTIS164\HW2\hw2\hw2.cpp(298,26): warning C4244: 'argument': conversion from 'int' to 'GLfloat', possible loss of data
C:\Users\user\source\repos\CTIS164\HW2\hw2\hw2.cpp(298,18): warning C4244: 'argument': conversion from 'int' to 'GLfloat', possible loss of data
C:\Users\user\source\repos\CTIS164\HW2\hw2\hw2.cpp(299,26): warning C4244: 'argument': conversion from 'int' to 'GLfloat', possible loss of data
C:\Users\user\source\repos\CTIS164\HW2\hw2\hw2.cpp(299,18): warning C4244: 'argument': conversion from 'int' to 'GLfloat', possible loss of data
C:\Users\user\source\repos\CTIS164\HW2\hw2\hw2.cpp(300,26): warning C4244: 'argument': conversion from 'int' to 'GLfloat', possible loss of data
C:\Users\user\source\repos\CTIS164\HW2\hw2\hw2.cpp(300,18): warning C4244: 'argument': conversion from 'int' to 'GLfloat', possible loss of data
C:\Users\user\source\repos\CTIS164\HW2\hw2\hw2.cpp(301,26): warning C4244: 'argument': conversion from 'int' to 'GLfloat', possible loss of data
C:\Users\user\source\repos\CTIS164\HW2\hw2\hw2.cpp(301,18): warning C4244: 'argument': conversion from 'int' to 'GLfloat', possible loss of data
C:\Users\user\source\repos\CTIS164\HW2\hw2\hw2.cpp(302,26): warning C4244: 'argument': conversion from 'int' to 'GLfloat', possible loss of data
C:\Users\user\source\repos\CTIS164\HW2\hw2\hw2.cpp(302,18): warning C4244: 'argument': conversion from 'int' to 'GLfloat', possible loss of data
C:\Users\user\source\repos\CTIS164\HW2\hw2\hw2.cpp(303,26): warning C4244: 'argument': conversion from 'int' to 'GLfloat', possible loss of data
C:\Users\user\source\repos\CTIS164\HW2\hw2\hw2.cpp(303,18): warning C4244: 'argument': conversion from 'int' to 'GLfloat', possible loss of data
C:\Users\user\source\repos\CTIS164\HW2\hw2\hw2.cpp(304,26): warning C4244: 'argument': conversion from 'int' to 'GLfloat', possible loss of data
C:\Users\user\source\repos\CTIS164\HW2\hw2\hw2.cpp(304,18): warning C4244: 'argument': conversion from 'int' to 'GLfloat', possible loss of data
C:\Users\user\source\repos\CTIS164\HW2\hw2\hw2.cpp(305,26): warning C4244: 'argument': conversion from 'int' to 'GLfloat', possible loss of data
C:\Users\user\source\repos\CTIS164\HW2\hw2\hw2.cpp(305,18): warning C4244: 'argument': conversion from 'int' to 'GLfloat', possible loss of data
C:\Users\user\source\repos\CTIS164\HW2\hw2\hw2.cpp(306,26): warning C4244: 'argument': conversion from 'int' to 'GLfloat', possible loss of data
C:\Users\user\source\repos\CTIS164\HW2\hw2\hw2.cpp(306,18): warning C4244: 'argument': conversion from 'int' to 'GLfloat', possible loss of data
C:\Users\user\source\repos\CTIS164\HW2\hw2\hw2.cpp(307,26): warning C4244: 'argument': conversion from 'int' to 'GLfloat', possible loss of data
C:\Users\user\source\repos\CTIS164\HW2\hw2\hw2.cpp(307,18): warning C4244: 'argument': conversion from 'int' to 'GLfloat', possible loss of data
C:\Users\user\source\repos\CTIS164\HW2\hw2\hw2.cpp(308,26): warning C4244: 'argument': conversion from 'int' to 'GLfloat', possible loss of data
C:\Users\user\source\repos\CTIS164\HW2\hw2\hw2.cpp(308,18): warning C4244: 'argument': conversion from 'int' to 'GLfloat', possible loss of data
C:\Users\user\source\repos\CTIS164\HW2\hw2\hw2.cpp(309,26): warning C4244: 'argument': conversion from 'int' to 'GLfloat', possible loss of data
C:\Users\user\source\repos\CTIS164\HW2\hw2\hw2.cpp(309,18): warning C4244: 'argument': conversion from 'int' to 'GLfloat', possible loss of data
C:\Users\user\source\repos\CTIS164\HW2\hw2\hw2.cpp(310,26): warning C4244: 'argument': conversion from 'int' to 'GLfloat', possible loss of data
C:\Users\user\source\repos\CTIS164\HW2\hw2\hw2.cpp(310,18): warning C4244: 'argument': conversion from 'int' to 'GLfloat', possible loss of data
C:\Users\user\source\repos\CTIS164\HW2\hw2\hw2.cpp(311,24): warning C4244: 'argument': conversion from 'int' to 'GLfloat', possible loss of data
C:\Users\user\source\repos\CTIS164\HW2\hw2\hw2.cpp(311,18): warning C4244: 'argument': conversion from 'int' to 'GLfloat', possible loss of data
C:\Users\user\source\repos\CTIS164\HW2\hw2\hw2.cpp(318,26): warning C4244: 'argument': conversion from 'int' to 'GLfloat', possible loss of data
C:\Users\user\source\repos\CTIS164\HW2\hw2\hw2.cpp(318,18): warning C4244: 'argument': conversion from 'int' to 'GLfloat', possible loss of data
C:\Users\user\source\repos\CTIS164\HW2\hw2\hw2.cpp(319,26): warning C4244: 'argument': conversion from 'int' to 'GLfloat', possible loss of data
C:\Users\user\source\repos\CTIS164\HW2\hw2\hw2.cpp(319,18): warning C4244: 'argument': conversion from 'int' to 'GLfloat', possible loss of data
C:\Users\user\source\repos\CTIS164\HW2\hw2\hw2.cpp(320,26): warning C4244: 'argument': conversion from 'int' to 'GLfloat', possible loss of data
C:\Users\user\source\repos\CTIS164\HW2\hw2\hw2.cpp(320,18): warning C4244: 'argument': conversion from 'int' to 'GLfloat', possible loss of data
C:\Users\user\source\repos\CTIS164\HW2\hw2\hw2.cpp(321,26): warning C4244: 'argument': conversion from 'int' to 'GLfloat', possible loss of data
C:\Users\user\source\repos\CTIS164\HW2\hw2\hw2.cpp(321,18): warning C4244: 'argument': conversion from 'int' to 'GLfloat', possible loss of data
C:\Users\user\source\repos\CTIS164\HW2\hw2\hw2.cpp(325,26): warning C4244: 'argument': conversion from 'int' to 'GLfloat', possible loss of data
C:\Users\user\source\repos\CTIS164\HW2\hw2\hw2.cpp(325,18): warning C4244: 'argument': conversion from 'int' to 'GLfloat', possible loss of data
C:\Users\user\source\repos\CTIS164\HW2\hw2\hw2.cpp(326,26): warning C4244: 'argument': conversion from 'int' to 'GLfloat', possible loss of data
C:\Users\user\source\repos\CTIS164\HW2\hw2\hw2.cpp(326,18): warning C4244: 'argument': conversion from 'int' to 'GLfloat', possible loss of data
C:\Users\user\source\repos\CTIS164\HW2\hw2\hw2.cpp(327,26): warning C4244: 'argument': conversion from 'int' to 'GLfloat', possible loss of data
C:\Users\user\source\repos\CTIS164\HW2\hw2\hw2.cpp(327,18): warning C4244: 'argument': conversion from 'int' to 'GLfloat', possible loss of data
C:\Users\user\source\repos\CTIS164\HW2\hw2\hw2.cpp(328,26): warning C4244: 'argument': conversion from 'int' to 'GLfloat', possible loss of data
C:\Users\user\source\repos\CTIS164\HW2\hw2\hw2.cpp(328,18): warning C4244: 'argument': conversion from 'int' to 'GLfloat', possible loss of data
C:\Users\user\source\repos\CTIS164\HW2\hw2\hw2.cpp(335,26): warning C4244: 'argument': conversion from 'int' to 'GLfloat', possible loss of data
C:\Users\user\source\repos\CTIS164\HW2\hw2\hw2.cpp(335,18): warning C4244: 'argument': conversion from 'int' to 'GLfloat', possible loss of data
C:\Users\user\source\repos\CTIS164\HW2\hw2\hw2.cpp(336,26): warning C4244: 'argument': conversion from 'int' to 'GLfloat', possible loss of data
C:\Users\user\source\repos\CTIS164\HW2\hw2\hw2.cpp(336,18): warning C4244: 'argument': conversion from 'int' to 'GLfloat', possible loss of data
C:\Users\user\source\repos\CTIS164\HW2\hw2\hw2.cpp(337,26): warning C4244: 'argument': conversion from 'int' to 'GLfloat', possible loss of data
C:\Users\user\source\repos\CTIS164\HW2\hw2\hw2.cpp(337,18): warning C4244: 'argument': conversion from 'int' to 'GLfloat', possible loss of data
C:\Users\user\source\repos\CTIS164\HW2\hw2\hw2.cpp(338,26): warning C4244: 'argument': conversion from 'int' to 'GLfloat', possible loss of data
C:\Users\user\source\repos\CTIS164\HW2\hw2\hw2.cpp(338,18): warning C4244: 'argument': conversion from 'int' to 'GLfloat', possible loss of data
C:\Users\user\source\repos\CTIS164\HW2\hw2\hw2.cpp(339,26): warning C4244: 'argument': conversion from 'int' to 'GLfloat', possible loss of data
C:\Users\user\source\repos\CTIS164\HW2\hw2\hw2.cpp(339,18): warning C4244: 'argument': conversion from 'int' to 'GLfloat', possible loss of data
C:\Users\user\source\repos\CTIS164\HW2\hw2\hw2.cpp(345,26): warning C4244: 'argument': conversion from 'int' to 'GLfloat', possible loss of data
C:\Users\user\source\repos\CTIS164\HW2\hw2\hw2.cpp(345,18): warning C4244: 'argument': conversion from 'int' to 'GLfloat', possible loss of data
C:\Users\user\source\repos\CTIS164\HW2\hw2\hw2.cpp(346,26): warning C4244: 'argument': conversion from 'int' to 'GLfloat', possible loss of data
C:\Users\user\source\repos\CTIS164\HW2\hw2\hw2.cpp(346,18): warning C4244: 'argument': conversion from 'int' to 'GLfloat', possible loss of data
C:\Users\user\source\repos\CTIS164\HW2\hw2\hw2.cpp(347,26): warning C4244: 'argument': conversion from 'int' to 'GLfloat', possible loss of data
C:\Users\user\source\repos\CTIS164\HW2\hw2\hw2.cpp(347,18): warning C4244: 'argument': conversion from 'int' to 'GLfloat', possible loss of data
C:\Users\user\source\repos\CTIS164\HW2\hw2\hw2.cpp(348,26): warning C4244: 'argument': conversion from 'int' to 'GLfloat', possible loss of data
C:\Users\user\source\repos\CTIS164\HW2\hw2\hw2.cpp(348,18): warning C4244: 'argument': conversion from 'int' to 'GLfloat', possible loss of data
C:\Users\user\source\repos\CTIS164\HW2\hw2\hw2.cpp(349,26): warning C4244: 'argument': conversion from 'int' to 'GLfloat', possible loss of data
C:\Users\user\source\repos\CTIS164\HW2\hw2\hw2.cpp(349,18): warning C4244: 'argument': conversion from 'int' to 'GLfloat', possible loss of data
C:\Users\user\source\repos\CTIS164\HW2\hw2\hw2.cpp(356,26): warning C4244: 'argument': conversion from 'int' to 'GLfloat', possible loss of data
C:\Users\user\source\repos\CTIS164\HW2\hw2\hw2.cpp(356,18): warning C4244: 'argument': conversion from 'int' to 'GLfloat', possible loss of data
C:\Users\user\source\repos\CTIS164\HW2\hw2\hw2.cpp(357,26): warning C4244: 'argument': conversion from 'int' to 'GLfloat', possible loss of data
C:\Users\user\source\repos\CTIS164\HW2\hw2\hw2.cpp(357,18): warning C4244: 'argument': conversion from 'int' to 'GLfloat', possible loss of data
C:\Users\user\source\repos\CTIS164\HW2\hw2\hw2.cpp(358,26): warning C4244: 'argument': conversion from 'int' to 'GLfloat', possible loss of data
C:\Users\user\source\repos\CTIS164\HW2\hw2\hw2.cpp(358,18): warning C4244: 'argument': conversion from 'int' to 'GLfloat', possible loss of data
C:\Users\user\source\repos\CTIS164\HW2\hw2\hw2.cpp(359,26): warning C4244: 'argument': conversion from 'int' to 'GLfloat', possible loss of data
C:\Users\user\source\repos\CTIS164\HW2\hw2\hw2.cpp(359,18): warning C4244: 'argument': conversion from 'int' to 'GLfloat', possible loss of data
C:\Users\user\source\repos\CTIS164\HW2\hw2\hw2.cpp(365,26): warning C4244: 'argument': conversion from 'int' to 'GLfloat', possible loss of data
C:\Users\user\source\repos\CTIS164\HW2\hw2\hw2.cpp(365,18): warning C4244: 'argument': conversion from 'int' to 'GLfloat', possible loss of data
C:\Users\user\source\repos\CTIS164\HW2\hw2\hw2.cpp(366,26): warning C4244: 'argument': conversion from 'int' to 'GLfloat', possible loss of data
C:\Users\user\source\repos\CTIS164\HW2\hw2\hw2.cpp(366,18): warning C4244: 'argument': conversion from 'int' to 'GLfloat', possible loss of data
C:\Users\user\source\repos\CTIS164\HW2\hw2\hw2.cpp(367,26): warning C4244: 'argument': conversion from 'int' to 'GLfloat', possible loss of data
C:\Users\user\source\repos\CTIS164\HW2\hw2\hw2.cpp(367,18): warning C4244: 'argument': conversion from 'int' to 'GLfloat', possible loss of data
C:\Users\user\source\repos\CTIS164\HW2\hw2\hw2.cpp(368,26): warning C4244: 'argument': conversion from 'int' to 'GLfloat', possible loss of data
C:\Users\user\source\repos\CTIS164\HW2\hw2\hw2.cpp(368,18): warning C4244: 'argument': conversion from 'int' to 'GLfloat', possible loss of data
C:\Users\user\source\repos\CTIS164\HW2\hw2\hw2.cpp(375,26): warning C4244: 'argument': conversion from 'int' to 'GLfloat', possible loss of data
C:\Users\user\source\repos\CTIS164\HW2\hw2\hw2.cpp(375,18): warning C4244: 'argument': conversion from 'int' to 'GLfloat', possible loss of data
C:\Users\user\source\repos\CTIS164\HW2\hw2\hw2.cpp(376,26): warning C4244: 'argument': conversion from 'int' to 'GLfloat', possible loss of data
C:\Users\user\source\repos\CTIS164\HW2\hw2\hw2.cpp(376,18): warning C4244: 'argument': conversion from 'int' to 'GLfloat', possible loss of data
C:\Users\user\source\repos\CTIS164\HW2\hw2\hw2.cpp(377,26): warning C4244: 'argument': conversion from 'int' to 'GLfloat', possible loss of data
C:\Users\user\source\repos\CTIS164\HW2\hw2\hw2.cpp(377,18): warning C4244: 'argument': conversion from 'int' to 'GLfloat', possible loss of data
C:\Users\user\source\repos\CTIS164\HW2\hw2\hw2.cpp(380,26): warning C4244: 'argument': conversion from 'int' to 'GLfloat', possible loss of data
C:\Users\user\source\repos\CTIS164\HW2\hw2\hw2.cpp(380,18): warning C4244: 'argument': conversion from 'int' to 'GLfloat', possible loss of data
C:\Users\user\source\repos\CTIS164\HW2\hw2\hw2.cpp(381,26): warning C4244: 'argument': conversion from 'int' to 'GLfloat', possible loss of data
C:\Users\user\source\repos\CTIS164\HW2\hw2\hw2.cpp(381,18): warning C4244: 'argument': conversion from 'int' to 'GLfloat', possible loss of data
C:\Users\user\source\repos\CTIS164\HW2\hw2\hw2.cpp(382,26): warning C4244: 'argument': conversion from 'int' to 'GLfloat', possible loss of data
C:\Users\user\source\repos\CTIS164\HW2\hw2\hw2.cpp(382,18): warning C4244: 'argument': conversion from 'int' to 'GLfloat', possible loss of data
C:\Users\user\source\repos\CTIS164\HW2\hw2\hw2.cpp(389,21): warning C4244: 'argument': conversion from 'int' to 'GLfloat', possible loss of data
C:\Users\user\source\repos\CTIS164\HW2\hw2\hw2.cpp(389,16): warning C4244: 'argument': conversion from 'int' to 'GLfloat', possible loss of data
C:\Users\user\source\repos\CTIS164\HW2\hw2\hw2.cpp(390,26): warning C4244: 'argument': conversion from 'int' to 'GLfloat', possible loss of data
C:\Users\user\source\repos\CTIS164\HW2\hw2\hw2.cpp(390,18): warning C4244: 'argument': conversion from 'int' to 'GLfloat', possible loss of data
C:\Users\user\source\repos\CTIS164\HW2\hw2\hw2.cpp(391,24): warning C4244: 'argument': conversion from 'int' to 'GLfloat', possible loss of data
C:\Users\user\source\repos\CTIS164\HW2\hw2\hw2.cpp(391,18): warning C4244: 'argument': conversion from 'int' to 'GLfloat', possible loss of data
C:\Users\user\source\repos\CTIS164\HW2\hw2\hw2.cpp(394,21): warning C4244: 'argument': conversion from 'int' to 'GLfloat', possible loss of data
C:\Users\user\source\repos\CTIS164\HW2\hw2\hw2.cpp(394,16): warning C4244: 'argument': conversion from 'int' to 'GLfloat', possible loss of data
C:\Users\user\source\repos\CTIS164\HW2\hw2\hw2.cpp(395,26): warning C4244: 'argument': conversion from 'int' to 'GLfloat', possible loss of data
C:\Users\user\source\repos\CTIS164\HW2\hw2\hw2.cpp(395,18): warning C4244: 'argument': conversion from 'int' to 'GLfloat', possible loss of data
C:\Users\user\source\repos\CTIS164\HW2\hw2\hw2.cpp(396,24): warning C4244: 'argument': conversion from 'int' to 'GLfloat', possible loss of data
C:\Users\user\source\repos\CTIS164\HW2\hw2\hw2.cpp(396,18): warning C4244: 'argument': conversion from 'int' to 'GLfloat', possible loss of data
C:\Users\user\source\repos\CTIS164\HW2\hw2\hw2.cpp(403,24): warning C4244: 'argument': conversion from 'int' to 'GLfloat', possible loss of data
C:\Users\user\source\repos\CTIS164\HW2\hw2\hw2.cpp(403,18): warning C4244: 'argument': conversion from 'int' to 'GLfloat', possible loss of data
C:\Users\user\source\repos\CTIS164\HW2\hw2\hw2.cpp(404,20): warning C4244: 'argument': conversion from 'int' to 'GLfloat', possible loss of data
C:\Users\user\source\repos\CTIS164\HW2\hw2\hw2.cpp(404,16): warning C4244: 'argument': conversion from 'int' to 'GLfloat', possible loss of data
C:\Users\user\source\repos\CTIS164\HW2\hw2\hw2.cpp(405,22): warning C4244: 'argument': conversion from 'int' to 'GLfloat', possible loss of data
C:\Users\user\source\repos\CTIS164\HW2\hw2\hw2.cpp(405,16): warning C4244: 'argument': conversion from 'int' to 'GLfloat', possible loss of data
C:\Users\user\source\repos\CTIS164\HW2\hw2\hw2.cpp(408,24): warning C4244: 'argument': conversion from 'int' to 'GLfloat', possible loss of data
C:\Users\user\source\repos\CTIS164\HW2\hw2\hw2.cpp(408,18): warning C4244: 'argument': conversion from 'int' to 'GLfloat', possible loss of data
C:\Users\user\source\repos\CTIS164\HW2\hw2\hw2.cpp(409,19): warning C4244: 'argument': conversion from 'int' to 'GLfloat', possible loss of data
C:\Users\user\source\repos\CTIS164\HW2\hw2\hw2.cpp(409,16): warning C4244: 'argument': conversion from 'int' to 'GLfloat', possible loss of data
C:\Users\user\source\repos\CTIS164\HW2\hw2\hw2.cpp(410,21): warning C4244: 'argument': conversion from 'int' to 'GLfloat', possible loss of data
C:\Users\user\source\repos\CTIS164\HW2\hw2\hw2.cpp(410,16): warning C4244: 'argument': conversion from 'int' to 'GLfloat', possible loss of data
C:\Users\user\source\repos\CTIS164\HW2\hw2\hw2.cpp(417,22): warning C4244: 'argument': conversion from 'int' to 'GLfloat', possible loss of data
C:\Users\user\source\repos\CTIS164\HW2\hw2\hw2.cpp(417,16): warning C4244: 'argument': conversion from 'int' to 'GLfloat', possible loss of data
C:\Users\user\source\repos\CTIS164\HW2\hw2\hw2.cpp(418,25): warning C4244: 'argument': conversion from 'int' to 'GLfloat', possible loss of data
C:\Users\user\source\repos\CTIS164\HW2\hw2\hw2.cpp(418,18): warning C4244: 'argument': conversion from 'int' to 'GLfloat', possible loss of data
C:\Users\user\source\repos\CTIS164\HW2\hw2\hw2.cpp(419,25): warning C4244: 'argument': conversion from 'int' to 'GLfloat', possible loss of data
C:\Users\user\source\repos\CTIS164\HW2\hw2\hw2.cpp(419,18): warning C4244: 'argument': conversion from 'int' to 'GLfloat', possible loss of data
C:\Users\user\source\repos\CTIS164\HW2\hw2\hw2.cpp(420,22): warning C4244: 'argument': conversion from 'int' to 'GLfloat', possible loss of data
C:\Users\user\source\repos\CTIS164\HW2\hw2\hw2.cpp(420,16): warning C4244: 'argument': conversion from 'int' to 'GLfloat', possible loss of data
C:\Users\user\source\repos\CTIS164\HW2\hw2\hw2.cpp(427,21): warning C4244: 'argument': conversion from 'int' to 'GLfloat', possible loss of data
C:\Users\user\source\repos\CTIS164\HW2\hw2\hw2.cpp(427,16): warning C4244: 'argument': conversion from 'int' to 'GLfloat', possible loss of data
C:\Users\user\source\repos\CTIS164\HW2\hw2\hw2.cpp(428,25): warning C4244: 'argument': conversion from 'int' to 'GLfloat', possible loss of data
C:\Users\user\source\repos\CTIS164\HW2\hw2\hw2.cpp(428,18): warning C4244: 'argument': conversion from 'int' to 'GLfloat', possible loss of data
C:\Users\user\source\repos\CTIS164\HW2\hw2\hw2.cpp(429,25): warning C4244: 'argument': conversion from 'int' to 'GLfloat', possible loss of data
C:\Users\user\source\repos\CTIS164\HW2\hw2\hw2.cpp(429,18): warning C4244: 'argument': conversion from 'int' to 'GLfloat', possible loss of data
C:\Users\user\source\repos\CTIS164\HW2\hw2\hw2.cpp(430,21): warning C4244: 'argument': conversion from 'int' to 'GLfloat', possible loss of data
C:\Users\user\source\repos\CTIS164\HW2\hw2\hw2.cpp(430,16): warning C4244: 'argument': conversion from 'int' to 'GLfloat', possible loss of data
C:\Users\user\source\repos\CTIS164\HW2\hw2\hw2.cpp(436,39): warning C4244: 'argument': conversion from 'int' to 'GLfloat', possible loss of data
C:\Users\user\source\repos\CTIS164\HW2\hw2\hw2.cpp(436,31): warning C4244: 'argument': conversion from 'int' to 'GLfloat', possible loss of data
C:\Users\user\source\repos\CTIS164\HW2\hw2\hw2.cpp(436,23): warning C4244: 'argument': conversion from 'int' to 'GLfloat', possible loss of data
C:\Users\user\source\repos\CTIS164\HW2\hw2\hw2.cpp(436,15): warning C4244: 'argument': conversion from 'int' to 'GLfloat', possible loss of data
C:\Users\user\source\repos\CTIS164\HW2\hw2\hw2.cpp(443,24): warning C4244: 'argument': conversion from 'int' to 'GLfloat', possible loss of data
C:\Users\user\source\repos\CTIS164\HW2\hw2\hw2.cpp(443,18): warning C4244: 'argument': conversion from 'int' to 'GLfloat', possible loss of data
C:\Users\user\source\repos\CTIS164\HW2\hw2\hw2.cpp(444,26): warning C4244: 'argument': conversion from 'int' to 'GLfloat', possible loss of data
C:\Users\user\source\repos\CTIS164\HW2\hw2\hw2.cpp(444,18): warning C4244: 'argument': conversion from 'int' to 'GLfloat', possible loss of data
C:\Users\user\source\repos\CTIS164\HW2\hw2\hw2.cpp(445,26): warning C4244: 'argument': conversion from 'int' to 'GLfloat', possible loss of data
C:\Users\user\source\repos\CTIS164\HW2\hw2\hw2.cpp(445,18): warning C4244: 'argument': conversion from 'int' to 'GLfloat', possible loss of data
C:\Users\user\source\repos\CTIS164\HW2\hw2\hw2.cpp(446,24): warning C4244: 'argument': conversion from 'int' to 'GLfloat', possible loss of data
C:\Users\user\source\repos\CTIS164\HW2\hw2\hw2.cpp(446,18): warning C4244: 'argument': conversion from 'int' to 'GLfloat', possible loss of data
C:\Users\user\source\repos\CTIS164\HW2\hw2\hw2.cpp(447,26): warning C4244: 'argument': conversion from 'int' to 'GLfloat', possible loss of data
C:\Users\user\source\repos\CTIS164\HW2\hw2\hw2.cpp(447,18): warning C4244: 'argument': conversion from 'int' to 'GLfloat', possible loss of data
C:\Users\user\source\repos\CTIS164\HW2\hw2\hw2.cpp(448,26): warning C4244: 'argument': conversion from 'int' to 'GLfloat', possible loss of data
C:\Users\user\source\repos\CTIS164\HW2\hw2\hw2.cpp(448,18): warning C4244: 'argument': conversion from 'int' to 'GLfloat', possible loss of data
C:\Users\user\source\repos\CTIS164\HW2\hw2\hw2.cpp(451,26): warning C4244: 'argument': conversion from 'int' to 'GLfloat', possible loss of data
C:\Users\user\source\repos\CTIS164\HW2\hw2\hw2.cpp(451,18): warning C4244: 'argument': conversion from 'int' to 'GLfloat', possible loss of data
C:\Users\user\source\repos\CTIS164\HW2\hw2\hw2.cpp(452,26): warning C4244: 'argument': conversion from 'int' to 'GLfloat', possible loss of data
C:\Users\user\source\repos\CTIS164\HW2\hw2\hw2.cpp(452,18): warning C4244: 'argument': conversion from 'int' to 'GLfloat', possible loss of data
C:\Users\user\source\repos\CTIS164\HW2\hw2\hw2.cpp(455,26): warning C4244: 'argument': conversion from 'int' to 'GLfloat', possible loss of data
C:\Users\user\source\repos\CTIS164\HW2\hw2\hw2.cpp(455,18): warning C4244: 'argument': conversion from 'int' to 'GLfloat', possible loss of data
C:\Users\user\source\repos\CTIS164\HW2\hw2\hw2.cpp(456,26): warning C4244: 'argument': conversion from 'int' to 'GLfloat', possible loss of data
C:\Users\user\source\repos\CTIS164\HW2\hw2\hw2.cpp(456,18): warning C4244: 'argument': conversion from 'int' to 'GLfloat', possible loss of data
C:\Users\user\source\repos\CTIS164\HW2\hw2\hw2.cpp(461,26): warning C4244: 'argument': conversion from 'int' to 'GLfloat', possible loss of data
C:\Users\user\source\repos\CTIS164\HW2\hw2\hw2.cpp(461,18): warning C4244: 'argument': conversion from 'int' to 'GLfloat', possible loss of data
C:\Users\user\source\repos\CTIS164\HW2\hw2\hw2.cpp(462,26): warning C4244: 'argument': conversion from 'int' to 'GLfloat', possible loss of data
C:\Users\user\source\repos\CTIS164\HW2\hw2\hw2.cpp(462,18): warning C4244: 'argument': conversion from 'int' to 'GLfloat', possible loss of data
C:\Users\user\source\repos\CTIS164\HW2\hw2\hw2.cpp(463,26): warning C4244: 'argument': conversion from 'int' to 'GLfloat', possible loss of data
C:\Users\user\source\repos\CTIS164\HW2\hw2\hw2.cpp(463,18): warning C4244: 'argument': conversion from 'int' to 'GLfloat', possible loss of data
C:\Users\user\source\repos\CTIS164\HW2\hw2\hw2.cpp(464,26): warning C4244: 'argument': conversion from 'int' to 'GLfloat', possible loss of data
C:\Users\user\source\repos\CTIS164\HW2\hw2\hw2.cpp(464,18): warning C4244: 'argument': conversion from 'int' to 'GLfloat', possible loss of data
C:\Users\user\source\repos\CTIS164\HW2\hw2\hw2.cpp(472,24): warning C4244: 'argument': conversion from 'int' to 'GLfloat', possible loss of data
C:\Users\user\source\repos\CTIS164\HW2\hw2\hw2.cpp(472,18): warning C4244: 'argument': conversion from 'int' to 'GLfloat', possible loss of data
C:\Users\user\source\repos\CTIS164\HW2\hw2\hw2.cpp(473,26): warning C4244: 'argument': conversion from 'int' to 'GLfloat', possible loss of data
C:\Users\user\source\repos\CTIS164\HW2\hw2\hw2.cpp(473,18): warning C4244: 'argument': conversion from 'int' to 'GLfloat', possible loss of data
C:\Users\user\source\repos\CTIS164\HW2\hw2\hw2.cpp(474,26): warning C4244: 'argument': conversion from 'int' to 'GLfloat', possible loss of data
C:\Users\user\source\repos\CTIS164\HW2\hw2\hw2.cpp(474,18): warning C4244: 'argument': conversion from 'int' to 'GLfloat', possible loss of data
C:\Users\user\source\repos\CTIS164\HW2\hw2\hw2.cpp(475,24): warning C4244: 'argument': conversion from 'int' to 'GLfloat', possible loss of data
C:\Users\user\source\repos\CTIS164\HW2\hw2\hw2.cpp(475,18): warning C4244: 'argument': conversion from 'int' to 'GLfloat', possible loss of data
C:\Users\user\source\repos\CTIS164\HW2\hw2\hw2.cpp(476,26): warning C4244: 'argument': conversion from 'int' to 'GLfloat', possible loss of data
C:\Users\user\source\repos\CTIS164\HW2\hw2\hw2.cpp(476,18): warning C4244: 'argument': conversion from 'int' to 'GLfloat', possible loss of data
C:\Users\user\source\repos\CTIS164\HW2\hw2\hw2.cpp(477,26): warning C4244: 'argument': conversion from 'int' to 'GLfloat', possible loss of data
C:\Users\user\source\repos\CTIS164\HW2\hw2\hw2.cpp(477,18): warning C4244: 'argument': conversion from 'int' to 'GLfloat', possible loss of data
C:\Users\user\source\repos\CTIS164\HW2\hw2\hw2.cpp(480,26): warning C4244: 'argument': conversion from 'int' to 'GLfloat', possible loss of data
C:\Users\user\source\repos\CTIS164\HW2\hw2\hw2.cpp(480,18): warning C4244: 'argument': conversion from 'int' to 'GLfloat', possible loss of data
C:\Users\user\source\repos\CTIS164\HW2\hw2\hw2.cpp(481,26): warning C4244: 'argument': conversion from 'int' to 'GLfloat', possible loss of data
C:\Users\user\source\repos\CTIS164\HW2\hw2\hw2.cpp(481,18): warning C4244: 'argument': conversion from 'int' to 'GLfloat', possible loss of data
C:\Users\user\source\repos\CTIS164\HW2\hw2\hw2.cpp(484,26): warning C4244: 'argument': conversion from 'int' to 'GLfloat', possible loss of data
C:\Users\user\source\repos\CTIS164\HW2\hw2\hw2.cpp(484,18): warning C4244: 'argument': conversion from 'int' to 'GLfloat', possible loss of data
C:\Users\user\source\repos\CTIS164\HW2\hw2\hw2.cpp(485,26): warning C4244: 'argument': conversion from 'int' to 'GLfloat', possible loss of data
C:\Users\user\source\repos\CTIS164\HW2\hw2\hw2.cpp(485,18): warning C4244: 'argument': conversion from 'int' to 'GLfloat', possible loss of data
C:\Users\user\source\repos\CTIS164\HW2\hw2\hw2.cpp(490,26): warning C4244: 'argument': conversion from 'int' to 'GLfloat', possible loss of data
C:\Users\user\source\repos\CTIS164\HW2\hw2\hw2.cpp(490,18): warning C4244: 'argument': conversion from 'int' to 'GLfloat', possible loss of data
C:\Users\user\source\repos\CTIS164\HW2\hw2\hw2.cpp(491,26): warning C4244: 'argument': conversion from 'int' to 'GLfloat', possible loss of data
C:\Users\user\source\repos\CTIS164\HW2\hw2\hw2.cpp(491,18): warning C4244: 'argument': conversion from 'int' to 'GLfloat', possible loss of data
C:\Users\user\source\repos\CTIS164\HW2\hw2\hw2.cpp(492,26): warning C4244: 'argument': conversion from 'int' to 'GLfloat', possible loss of data
C:\Users\user\source\repos\CTIS164\HW2\hw2\hw2.cpp(492,18): warning C4244: 'argument': conversion from 'int' to 'GLfloat', possible loss of data
C:\Users\user\source\repos\CTIS164\HW2\hw2\hw2.cpp(493,26): warning C4244: 'argument': conversion from 'int' to 'GLfloat', possible loss of data
C:\Users\user\source\repos\CTIS164\HW2\hw2\hw2.cpp(493,18): warning C4244: 'argument': conversion from 'int' to 'GLfloat', possible loss of data
C:\Users\user\source\repos\CTIS164\HW2\hw2\hw2.cpp(501,25): warning C4244: 'argument': conversion from 'int' to 'GLfloat', possible loss of data
C:\Users\user\source\repos\CTIS164\HW2\hw2\hw2.cpp(501,18): warning C4244: 'argument': conversion from 'int' to 'GLfloat', possible loss of data
C:\Users\user\source\repos\CTIS164\HW2\hw2\hw2.cpp(502,26): warning C4244: 'argument': conversion from 'int' to 'GLfloat', possible loss of data
C:\Users\user\source\repos\CTIS164\HW2\hw2\hw2.cpp(502,18): warning C4244: 'argument': conversion from 'int' to 'GLfloat', possible loss of data
C:\Users\user\source\repos\CTIS164\HW2\hw2\hw2.cpp(503,25): warning C4244: 'argument': conversion from 'int' to 'GLfloat', possible loss of data
C:\Users\user\source\repos\CTIS164\HW2\hw2\hw2.cpp(503,18): warning C4244: 'argument': conversion from 'int' to 'GLfloat', possible loss of data
C:\Users\user\source\repos\CTIS164\HW2\hw2\hw2.cpp(504,26): warning C4244: 'argument': conversion from 'int' to 'GLfloat', possible loss of data
C:\Users\user\source\repos\CTIS164\HW2\hw2\hw2.cpp(504,18): warning C4244: 'argument': conversion from 'int' to 'GLfloat', possible loss of data
C:\Users\user\source\repos\CTIS164\HW2\hw2\hw2.cpp(505,22): warning C4244: 'argument': conversion from 'int' to 'GLfloat', possible loss of data
C:\Users\user\source\repos\CTIS164\HW2\hw2\hw2.cpp(505,16): warning C4244: 'argument': conversion from 'int' to 'GLfloat', possible loss of data
C:\Users\user\source\repos\CTIS164\HW2\hw2\hw2.cpp(506,26): warning C4244: 'argument': conversion from 'int' to 'GLfloat', possible loss of data
C:\Users\user\source\repos\CTIS164\HW2\hw2\hw2.cpp(506,18): warning C4244: 'argument': conversion from 'int' to 'GLfloat', possible loss of data
C:\Users\user\source\repos\CTIS164\HW2\hw2\hw2.cpp(507,25): warning C4244: 'argument': conversion from 'int' to 'GLfloat', possible loss of data
C:\Users\user\source\repos\CTIS164\HW2\hw2\hw2.cpp(507,18): warning C4244: 'argument': conversion from 'int' to 'GLfloat', possible loss of data
C:\Users\user\source\repos\CTIS164\HW2\hw2\hw2.cpp(508,26): warning C4244: 'argument': conversion from 'int' to 'GLfloat', possible loss of data
C:\Users\user\source\repos\CTIS164\HW2\hw2\hw2.cpp(508,18): warning C4244: 'argument': conversion from 'int' to 'GLfloat', possible loss of data
C:\Users\user\source\repos\CTIS164\HW2\hw2\hw2.cpp(509,25): warning C4244: 'argument': conversion from 'int' to 'GLfloat', possible loss of data
C:\Users\user\source\repos\CTIS164\HW2\hw2\hw2.cpp(509,18): warning C4244: 'argument': conversion from 'int' to 'GLfloat', possible loss of data
C:\Users\user\source\repos\CTIS164\HW2\hw2\hw2.cpp(512,25): warning C4244: 'argument': conversion from 'int' to 'GLfloat', possible loss of data
C:\Users\user\source\repos\CTIS164\HW2\hw2\hw2.cpp(512,18): warning C4244: 'argument': conversion from 'int' to 'GLfloat', possible loss of data
C:\Users\user\source\repos\CTIS164\HW2\hw2\hw2.cpp(513,26): warning C4244: 'argument': conversion from 'int' to 'GLfloat', possible loss of data
C:\Users\user\source\repos\CTIS164\HW2\hw2\hw2.cpp(513,18): warning C4244: 'argument': conversion from 'int' to 'GLfloat', possible loss of data
C:\Users\user\source\repos\CTIS164\HW2\hw2\hw2.cpp(514,25): warning C4244: 'argument': conversion from 'int' to 'GLfloat', possible loss of data
C:\Users\user\source\repos\CTIS164\HW2\hw2\hw2.cpp(514,18): warning C4244: 'argument': conversion from 'int' to 'GLfloat', possible loss of data
C:\Users\user\source\repos\CTIS164\HW2\hw2\hw2.cpp(515,25): warning C4244: 'argument': conversion from 'int' to 'GLfloat', possible loss of data
C:\Users\user\source\repos\CTIS164\HW2\hw2\hw2.cpp(515,18): warning C4244: 'argument': conversion from 'int' to 'GLfloat', possible loss of data
C:\Users\user\source\repos\CTIS164\HW2\hw2\hw2.cpp(516,21): warning C4244: 'argument': conversion from 'int' to 'GLfloat', possible loss of data
C:\Users\user\source\repos\CTIS164\HW2\hw2\hw2.cpp(516,16): warning C4244: 'argument': conversion from 'int' to 'GLfloat', possible loss of data
C:\Users\user\source\repos\CTIS164\HW2\hw2\hw2.cpp(517,25): warning C4244: 'argument': conversion from 'int' to 'GLfloat', possible loss of data
C:\Users\user\source\repos\CTIS164\HW2\hw2\hw2.cpp(517,18): warning C4244: 'argument': conversion from 'int' to 'GLfloat', possible loss of data
C:\Users\user\source\repos\CTIS164\HW2\hw2\hw2.cpp(518,25): warning C4244: 'argument': conversion from 'int' to 'GLfloat', possible loss of data
C:\Users\user\source\repos\CTIS164\HW2\hw2\hw2.cpp(518,18): warning C4244: 'argument': conversion from 'int' to 'GLfloat', possible loss of data
C:\Users\user\source\repos\CTIS164\HW2\hw2\hw2.cpp(519,26): warning C4244: 'argument': conversion from 'int' to 'GLfloat', possible loss of data
C:\Users\user\source\repos\CTIS164\HW2\hw2\hw2.cpp(519,18): warning C4244: 'argument': conversion from 'int' to 'GLfloat', possible loss of data
C:\Users\user\source\repos\CTIS164\HW2\hw2\hw2.cpp(520,25): warning C4244: 'argument': conversion from 'int' to 'GLfloat', possible loss of data
C:\Users\user\source\repos\CTIS164\HW2\hw2\hw2.cpp(520,18): warning C4244: 'argument': conversion from 'int' to 'GLfloat', possible loss of data
C:\Users\user\source\repos\CTIS164\HW2\hw2\hw2.cpp(526,25): warning C4244: 'argument': conversion from 'int' to 'GLfloat', possible loss of data
C:\Users\user\source\repos\CTIS164\HW2\hw2\hw2.cpp(526,18): warning C4244: 'argument': conversion from 'int' to 'GLfloat', possible loss of data
C:\Users\user\source\repos\CTIS164\HW2\hw2\hw2.cpp(527,26): warning C4244: 'argument': conversion from 'int' to 'GLfloat', possible loss of data
C:\Users\user\source\repos\CTIS164\HW2\hw2\hw2.cpp(527,18): warning C4244: 'argument': conversion from 'int' to 'GLfloat', possible loss of data
C:\Users\user\source\repos\CTIS164\HW2\hw2\hw2.cpp(528,25): warning C4244: 'argument': conversion from 'int' to 'GLfloat', possible loss of data
C:\Users\user\source\repos\CTIS164\HW2\hw2\hw2.cpp(528,18): warning C4244: 'argument': conversion from 'int' to 'GLfloat', possible loss of data
C:\Users\user\source\repos\CTIS164\HW2\hw2\hw2.cpp(529,25): warning C4244: 'argument': conversion from 'int' to 'GLfloat', possible loss of data
C:\Users\user\source\repos\CTIS164\HW2\hw2\hw2.cpp(529,18): warning C4244: 'argument': conversion from 'int' to 'GLfloat', possible loss of data
C:\Users\user\source\repos\CTIS164\HW2\hw2\hw2.cpp(530,21): warning C4244: 'argument': conversion from 'int' to 'GLfloat', possible loss of data
C:\Users\user\source\repos\CTIS164\HW2\hw2\hw2.cpp(530,16): warning C4244: 'argument': conversion from 'int' to 'GLfloat', possible loss of data
C:\Users\user\source\repos\CTIS164\HW2\hw2\hw2.cpp(531,25): warning C4244: 'argument': conversion from 'int' to 'GLfloat', possible loss of data
C:\Users\user\source\repos\CTIS164\HW2\hw2\hw2.cpp(531,18): warning C4244: 'argument': conversion from 'int' to 'GLfloat', possible loss of data
C:\Users\user\source\repos\CTIS164\HW2\hw2\hw2.cpp(532,25): warning C4244: 'argument': conversion from 'int' to 'GLfloat', possible loss of data
C:\Users\user\source\repos\CTIS164\HW2\hw2\hw2.cpp(532,18): warning C4244: 'argument': conversion from 'int' to 'GLfloat', possible loss of data
C:\Users\user\source\repos\CTIS164\HW2\hw2\hw2.cpp(533,26): warning C4244: 'argument': conversion from 'int' to 'GLfloat', possible loss of data
C:\Users\user\source\repos\CTIS164\HW2\hw2\hw2.cpp(533,18): warning C4244: 'argument': conversion from 'int' to 'GLfloat', possible loss of data
C:\Users\user\source\repos\CTIS164\HW2\hw2\hw2.cpp(534,25): warning C4244: 'argument': conversion from 'int' to 'GLfloat', possible loss of data
C:\Users\user\source\repos\CTIS164\HW2\hw2\hw2.cpp(534,18): warning C4244: 'argument': conversion from 'int' to 'GLfloat', possible loss of data
C:\Users\user\source\repos\CTIS164\HW2\hw2\hw2.cpp(539,25): warning C4244: 'argument': conversion from 'int' to 'GLfloat', possible loss of data
C:\Users\user\source\repos\CTIS164\HW2\hw2\hw2.cpp(539,18): warning C4244: 'argument': conversion from 'int' to 'GLfloat', possible loss of data
C:\Users\user\source\repos\CTIS164\HW2\hw2\hw2.cpp(540,25): warning C4244: 'argument': conversion from 'int' to 'GLfloat', possible loss of data
C:\Users\user\source\repos\CTIS164\HW2\hw2\hw2.cpp(540,18): warning C4244: 'argument': conversion from 'int' to 'GLfloat', possible loss of data
C:\Users\user\source\repos\CTIS164\HW2\hw2\hw2.cpp(541,25): warning C4244: 'argument': conversion from 'int' to 'GLfloat', possible loss of data
C:\Users\user\source\repos\CTIS164\HW2\hw2\hw2.cpp(541,18): warning C4244: 'argument': conversion from 'int' to 'GLfloat', possible loss of data
C:\Users\user\source\repos\CTIS164\HW2\hw2\hw2.cpp(542,25): warning C4244: 'argument': conversion from 'int' to 'GLfloat', possible loss of data
C:\Users\user\source\repos\CTIS164\HW2\hw2\hw2.cpp(542,18): warning C4244: 'argument': conversion from 'int' to 'GLfloat', possible loss of data
C:\Users\user\source\repos\CTIS164\HW2\hw2\hw2.cpp(543,21): warning C4244: 'argument': conversion from 'int' to 'GLfloat', possible loss of data
C:\Users\user\source\repos\CTIS164\HW2\hw2\hw2.cpp(543,16): warning C4244: 'argument': conversion from 'int' to 'GLfloat', possible loss of data
C:\Users\user\source\repos\CTIS164\HW2\hw2\hw2.cpp(544,25): warning C4244: 'argument': conversion from 'int' to 'GLfloat', possible loss of data
C:\Users\user\source\repos\CTIS164\HW2\hw2\hw2.cpp(544,18): warning C4244: 'argument': conversion from 'int' to 'GLfloat', possible loss of data
C:\Users\user\source\repos\CTIS164\HW2\hw2\hw2.cpp(545,25): warning C4244: 'argument': conversion from 'int' to 'GLfloat', possible loss of data
C:\Users\user\source\repos\CTIS164\HW2\hw2\hw2.cpp(545,18): warning C4244: 'argument': conversion from 'int' to 'GLfloat', possible loss of data
C:\Users\user\source\repos\CTIS164\HW2\hw2\hw2.cpp(546,25): warning C4244: 'argument': conversion from 'int' to 'GLfloat', possible loss of data
C:\Users\user\source\repos\CTIS164\HW2\hw2\hw2.cpp(546,18): warning C4244: 'argument': conversion from 'int' to 'GLfloat', possible loss of data
C:\Users\user\source\repos\CTIS164\HW2\hw2\hw2.cpp(547,25): warning C4244: 'argument': conversion from 'int' to 'GLfloat', possible loss of data
C:\Users\user\source\repos\CTIS164\HW2\hw2\hw2.cpp(547,18): warning C4244: 'argument': conversion from 'int' to 'GLfloat', possible loss of data
C:\Users\user\source\repos\CTIS164\HW2\hw2\hw2.cpp(552,36): warning C4244: 'argument': conversion from 'int' to 'GLfloat', possible loss of data
C:\Users\user\source\repos\CTIS164\HW2\hw2\hw2.cpp(552,29): warning C4244: 'argument': conversion from 'int' to 'GLfloat', possible loss of data
C:\Users\user\source\repos\CTIS164\HW2\hw2\hw2.cpp(552,22): warning C4244: 'argument': conversion from 'int' to 'GLfloat', possible loss of data
C:\Users\user\source\repos\CTIS164\HW2\hw2\hw2.cpp(552,15): warning C4244: 'argument': conversion from 'int' to 'GLfloat', possible loss of data
C:\Users\user\source\repos\CTIS164\HW2\hw2\hw2.cpp(564,19): warning C4244: 'argument': conversion from 'int' to 'GLfloat', possible loss of data
C:\Users\user\source\repos\CTIS164\HW2\hw2\hw2.cpp(564,16): warning C4244: 'argument': conversion from 'int' to 'GLfloat', possible loss of data
C:\Users\user\source\repos\CTIS164\HW2\hw2\hw2.cpp(565,23): warning C4244: 'argument': conversion from 'int' to 'GLfloat', possible loss of data
C:\Users\user\source\repos\CTIS164\HW2\hw2\hw2.cpp(565,18): warning C4244: 'argument': conversion from 'int' to 'GLfloat', possible loss of data
C:\Users\user\source\repos\CTIS164\HW2\hw2\hw2.cpp(566,26): warning C4244: 'argument': conversion from 'int' to 'GLfloat', possible loss of data
C:\Users\user\source\repos\CTIS164\HW2\hw2\hw2.cpp(566,18): warning C4244: 'argument': conversion from 'int' to 'GLfloat', possible loss of data
C:\Users\user\source\repos\CTIS164\HW2\hw2\hw2.cpp(567,21): warning C4244: 'argument': conversion from 'int' to 'GLfloat', possible loss of data
C:\Users\user\source\repos\CTIS164\HW2\hw2\hw2.cpp(567,16): warning C4244: 'argument': conversion from 'int' to 'GLfloat', possible loss of data
C:\Users\user\source\repos\CTIS164\HW2\hw2\hw2.cpp(568,21): warning C4244: 'argument': conversion from 'int' to 'GLfloat', possible loss of data
C:\Users\user\source\repos\CTIS164\HW2\hw2\hw2.cpp(568,16): warning C4244: 'argument': conversion from 'int' to 'GLfloat', possible loss of data
C:\Users\user\source\repos\CTIS164\HW2\hw2\hw2.cpp(575,19): warning C4244: 'argument': conversion from 'int' to 'GLfloat', possible loss of data
C:\Users\user\source\repos\CTIS164\HW2\hw2\hw2.cpp(575,16): warning C4244: 'argument': conversion from 'int' to 'GLfloat', possible loss of data
C:\Users\user\source\repos\CTIS164\HW2\hw2\hw2.cpp(576,24): warning C4244: 'argument': conversion from 'int' to 'GLfloat', possible loss of data
C:\Users\user\source\repos\CTIS164\HW2\hw2\hw2.cpp(576,18): warning C4244: 'argument': conversion from 'int' to 'GLfloat', possible loss of data
C:\Users\user\source\repos\CTIS164\HW2\hw2\hw2.cpp(577,25): warning C4244: 'argument': conversion from 'int' to 'GLfloat', possible loss of data
C:\Users\user\source\repos\CTIS164\HW2\hw2\hw2.cpp(577,18): warning C4244: 'argument': conversion from 'int' to 'GLfloat', possible loss of data
C:\Users\user\source\repos\CTIS164\HW2\hw2\hw2.cpp(578,21): warning C4244: 'argument': conversion from 'int' to 'GLfloat', possible loss of data
C:\Users\user\source\repos\CTIS164\HW2\hw2\hw2.cpp(578,16): warning C4244: 'argument': conversion from 'int' to 'GLfloat', possible loss of data
C:\Users\user\source\repos\CTIS164\HW2\hw2\hw2.cpp(583,25): warning C4244: 'argument': conversion from 'int' to 'GLfloat', possible loss of data
C:\Users\user\source\repos\CTIS164\HW2\hw2\hw2.cpp(583,18): warning C4244: 'argument': conversion from 'int' to 'GLfloat', possible loss of data
C:\Users\user\source\repos\CTIS164\HW2\hw2\hw2.cpp(584,26): warning C4244: 'argument': conversion from 'int' to 'GLfloat', possible loss of data
C:\Users\user\source\repos\CTIS164\HW2\hw2\hw2.cpp(584,18): warning C4244: 'argument': conversion from 'int' to 'GLfloat', possible loss of data
C:\Users\user\source\repos\CTIS164\HW2\hw2\hw2.cpp(585,25): warning C4244: 'argument': conversion from 'int' to 'GLfloat', possible loss of data
C:\Users\user\source\repos\CTIS164\HW2\hw2\hw2.cpp(585,18): warning C4244: 'argument': conversion from 'int' to 'GLfloat', possible loss of data
C:\Users\user\source\repos\CTIS164\HW2\hw2\hw2.cpp(586,26): warning C4244: 'argument': conversion from 'int' to 'GLfloat', possible loss of data
C:\Users\user\source\repos\CTIS164\HW2\hw2\hw2.cpp(586,18): warning C4244: 'argument': conversion from 'int' to 'GLfloat', possible loss of data
C:\Users\user\source\repos\CTIS164\HW2\hw2\hw2.cpp(587,21): warning C4244: 'argument': conversion from 'int' to 'GLfloat', possible loss of data
C:\Users\user\source\repos\CTIS164\HW2\hw2\hw2.cpp(587,16): warning C4244: 'argument': conversion from 'int' to 'GLfloat', possible loss of data
C:\Users\user\source\repos\CTIS164\HW2\hw2\hw2.cpp(588,26): warning C4244: 'argument': conversion from 'int' to 'GLfloat', possible loss of data
C:\Users\user\source\repos\CTIS164\HW2\hw2\hw2.cpp(588,18): warning C4244: 'argument': conversion from 'int' to 'GLfloat', possible loss of data
C:\Users\user\source\repos\CTIS164\HW2\hw2\hw2.cpp(589,25): warning C4244: 'argument': conversion from 'int' to 'GLfloat', possible loss of data
C:\Users\user\source\repos\CTIS164\HW2\hw2\hw2.cpp(589,18): warning C4244: 'argument': conversion from 'int' to 'GLfloat', possible loss of data
C:\Users\user\source\repos\CTIS164\HW2\hw2\hw2.cpp(590,26): warning C4244: 'argument': conversion from 'int' to 'GLfloat', possible loss of data
C:\Users\user\source\repos\CTIS164\HW2\hw2\hw2.cpp(590,18): warning C4244: 'argument': conversion from 'int' to 'GLfloat', possible loss of data
C:\Users\user\source\repos\CTIS164\HW2\hw2\hw2.cpp(591,25): warning C4244: 'argument': conversion from 'int' to 'GLfloat', possible loss of data
C:\Users\user\source\repos\CTIS164\HW2\hw2\hw2.cpp(591,18): warning C4244: 'argument': conversion from 'int' to 'GLfloat', possible loss of data
C:\Users\user\source\repos\CTIS164\HW2\hw2\hw2.cpp(594,25): warning C4244: 'argument': conversion from 'int' to 'GLfloat', possible loss of data
C:\Users\user\source\repos\CTIS164\HW2\hw2\hw2.cpp(594,18): warning C4244: 'argument': conversion from 'int' to 'GLfloat', possible loss of data
C:\Users\user\source\repos\CTIS164\HW2\hw2\hw2.cpp(595,26): warning C4244: 'argument': conversion from 'int' to 'GLfloat', possible loss of data
C:\Users\user\source\repos\CTIS164\HW2\hw2\hw2.cpp(595,18): warning C4244: 'argument': conversion from 'int' to 'GLfloat', possible loss of data
C:\Users\user\source\repos\CTIS164\HW2\hw2\hw2.cpp(596,25): warning C4244: 'argument': conversion from 'int' to 'GLfloat', possible loss of data
C:\Users\user\source\repos\CTIS164\HW2\hw2\hw2.cpp(596,18): warning C4244: 'argument': conversion from 'int' to 'GLfloat', possible loss of data
C:\Users\user\source\repos\CTIS164\HW2\hw2\hw2.cpp(597,25): warning C4244: 'argument': conversion from 'int' to 'GLfloat', possible loss of data
C:\Users\user\source\repos\CTIS164\HW2\hw2\hw2.cpp(597,18): warning C4244: 'argument': conversion from 'int' to 'GLfloat', possible loss of data
C:\Users\user\source\repos\CTIS164\HW2\hw2\hw2.cpp(598,21): warning C4244: 'argument': conversion from 'int' to 'GLfloat', possible loss of data
C:\Users\user\source\repos\CTIS164\HW2\hw2\hw2.cpp(598,16): warning C4244: 'argument': conversion from 'int' to 'GLfloat', possible loss of data
C:\Users\user\source\repos\CTIS164\HW2\hw2\hw2.cpp(599,25): warning C4244: 'argument': conversion from 'int' to 'GLfloat', possible loss of data
C:\Users\user\source\repos\CTIS164\HW2\hw2\hw2.cpp(599,18): warning C4244: 'argument': conversion from 'int' to 'GLfloat', possible loss of data
C:\Users\user\source\repos\CTIS164\HW2\hw2\hw2.cpp(600,25): warning C4244: 'argument': conversion from 'int' to 'GLfloat', possible loss of data
C:\Users\user\source\repos\CTIS164\HW2\hw2\hw2.cpp(600,18): warning C4244: 'argument': conversion from 'int' to 'GLfloat', possible loss of data
C:\Users\user\source\repos\CTIS164\HW2\hw2\hw2.cpp(601,26): warning C4244: 'argument': conversion from 'int' to 'GLfloat', possible loss of data
C:\Users\user\source\repos\CTIS164\HW2\hw2\hw2.cpp(601,18): warning C4244: 'argument': conversion from 'int' to 'GLfloat', possible loss of data
C:\Users\user\source\repos\CTIS164\HW2\hw2\hw2.cpp(602,25): warning C4244: 'argument': conversion from 'int' to 'GLfloat', possible loss of data
C:\Users\user\source\repos\CTIS164\HW2\hw2\hw2.cpp(602,18): warning C4244: 'argument': conversion from 'int' to 'GLfloat', possible loss of data
C:\Users\user\source\repos\CTIS164\HW2\hw2\hw2.cpp(608,25): warning C4244: 'argument': conversion from 'int' to 'GLfloat', possible loss of data
C:\Users\user\source\repos\CTIS164\HW2\hw2\hw2.cpp(608,18): warning C4244: 'argument': conversion from 'int' to 'GLfloat', possible loss of data
C:\Users\user\source\repos\CTIS164\HW2\hw2\hw2.cpp(609,26): warning C4244: 'argument': conversion from 'int' to 'GLfloat', possible loss of data
C:\Users\user\source\repos\CTIS164\HW2\hw2\hw2.cpp(609,18): warning C4244: 'argument': conversion from 'int' to 'GLfloat', possible loss of data
C:\Users\user\source\repos\CTIS164\HW2\hw2\hw2.cpp(610,25): warning C4244: 'argument': conversion from 'int' to 'GLfloat', possible loss of data
C:\Users\user\source\repos\CTIS164\HW2\hw2\hw2.cpp(610,18): warning C4244: 'argument': conversion from 'int' to 'GLfloat', possible loss of data
C:\Users\user\source\repos\CTIS164\HW2\hw2\hw2.cpp(611,25): warning C4244: 'argument': conversion from 'int' to 'GLfloat', possible loss of data
C:\Users\user\source\repos\CTIS164\HW2\hw2\hw2.cpp(611,18): warning C4244: 'argument': conversion from 'int' to 'GLfloat', possible loss of data
C:\Users\user\source\repos\CTIS164\HW2\hw2\hw2.cpp(612,21): warning C4244: 'argument': conversion from 'int' to 'GLfloat', possible loss of data
C:\Users\user\source\repos\CTIS164\HW2\hw2\hw2.cpp(612,16): warning C4244: 'argument': conversion from 'int' to 'GLfloat', possible loss of data
C:\Users\user\source\repos\CTIS164\HW2\hw2\hw2.cpp(613,25): warning C4244: 'argument': conversion from 'int' to 'GLfloat', possible loss of data
C:\Users\user\source\repos\CTIS164\HW2\hw2\hw2.cpp(613,18): warning C4244: 'argument': conversion from 'int' to 'GLfloat', possible loss of data
C:\Users\user\source\repos\CTIS164\HW2\hw2\hw2.cpp(614,25): warning C4244: 'argument': conversion from 'int' to 'GLfloat', possible loss of data
C:\Users\user\source\repos\CTIS164\HW2\hw2\hw2.cpp(614,18): warning C4244: 'argument': conversion from 'int' to 'GLfloat', possible loss of data
C:\Users\user\source\repos\CTIS164\HW2\hw2\hw2.cpp(615,26): warning C4244: 'argument': conversion from 'int' to 'GLfloat', possible loss of data
C:\Users\user\source\repos\CTIS164\HW2\hw2\hw2.cpp(615,18): warning C4244: 'argument': conversion from 'int' to 'GLfloat', possible loss of data
C:\Users\user\source\repos\CTIS164\HW2\hw2\hw2.cpp(616,25): warning C4244: 'argument': conversion from 'int' to 'GLfloat', possible loss of data
C:\Users\user\source\repos\CTIS164\HW2\hw2\hw2.cpp(616,18): warning C4244: 'argument': conversion from 'int' to 'GLfloat', possible loss of data
C:\Users\user\source\repos\CTIS164\HW2\hw2\hw2.cpp(621,25): warning C4244: 'argument': conversion from 'int' to 'GLfloat', possible loss of data
C:\Users\user\source\repos\CTIS164\HW2\hw2\hw2.cpp(621,18): warning C4244: 'argument': conversion from 'int' to 'GLfloat', possible loss of data
C:\Users\user\source\repos\CTIS164\HW2\hw2\hw2.cpp(622,25): warning C4244: 'argument': conversion from 'int' to 'GLfloat', possible loss of data
C:\Users\user\source\repos\CTIS164\HW2\hw2\hw2.cpp(622,18): warning C4244: 'argument': conversion from 'int' to 'GLfloat', possible loss of data
C:\Users\user\source\repos\CTIS164\HW2\hw2\hw2.cpp(623,25): warning C4244: 'argument': conversion from 'int' to 'GLfloat', possible loss of data
C:\Users\user\source\repos\CTIS164\HW2\hw2\hw2.cpp(623,18): warning C4244: 'argument': conversion from 'int' to 'GLfloat', possible loss of data
C:\Users\user\source\repos\CTIS164\HW2\hw2\hw2.cpp(624,25): warning C4244: 'argument': conversion from 'int' to 'GLfloat', possible loss of data
C:\Users\user\source\repos\CTIS164\HW2\hw2\hw2.cpp(624,18): warning C4244: 'argument': conversion from 'int' to 'GLfloat', possible loss of data
C:\Users\user\source\repos\CTIS164\HW2\hw2\hw2.cpp(625,21): warning C4244: 'argument': conversion from 'int' to 'GLfloat', possible loss of data
C:\Users\user\source\repos\CTIS164\HW2\hw2\hw2.cpp(625,16): warning C4244: 'argument': conversion from 'int' to 'GLfloat', possible loss of data
C:\Users\user\source\repos\CTIS164\HW2\hw2\hw2.cpp(626,25): warning C4244: 'argument': conversion from 'int' to 'GLfloat', possible loss of data
C:\Users\user\source\repos\CTIS164\HW2\hw2\hw2.cpp(626,18): warning C4244: 'argument': conversion from 'int' to 'GLfloat', possible loss of data
C:\Users\user\source\repos\CTIS164\HW2\hw2\hw2.cpp(627,25): warning C4244: 'argument': conversion from 'int' to 'GLfloat', possible loss of data
C:\Users\user\source\repos\CTIS164\HW2\hw2\hw2.cpp(627,18): warning C4244: 'argument': conversion from 'int' to 'GLfloat', possible loss of data
C:\Users\user\source\repos\CTIS164\HW2\hw2\hw2.cpp(628,25): warning C4244: 'argument': conversion from 'int' to 'GLfloat', possible loss of data
C:\Users\user\source\repos\CTIS164\HW2\hw2\hw2.cpp(628,18): warning C4244: 'argument': conversion from 'int' to 'GLfloat', possible loss of data
C:\Users\user\source\repos\CTIS164\HW2\hw2\hw2.cpp(629,25): warning C4244: 'argument': conversion from 'int' to 'GLfloat', possible loss of data
C:\Users\user\source\repos\CTIS164\HW2\hw2\hw2.cpp(629,18): warning C4244: 'argument': conversion from 'int' to 'GLfloat', possible loss of data
C:\Users\user\source\repos\CTIS164\HW2\hw2\hw2.cpp(648,27): warning C4305: 'argument': truncation from 'double' to 'GLfloat'
C:\Users\user\source\repos\CTIS164\HW2\hw2\hw2.cpp(662,27): warning C4305: 'argument': truncation from 'double' to 'GLfloat'
C:\Users\user\source\repos\CTIS164\HW2\hw2\hw2.cpp(664,41): warning C4305: 'argument': truncation from 'double' to 'float'
C:\Users\user\source\repos\CTIS164\HW2\hw2\hw2.cpp(670,31): warning C4305: 'argument': truncation from 'double' to 'GLfloat'
C:\Users\user\source\repos\CTIS164\HW2\hw2\hw2.cpp(684,31): warning C4305: 'argument': truncation from 'double' to 'GLfloat'
C:\Users\user\source\repos\CTIS164\HW2\hw2\hw2.cpp(693,31): warning C4305: 'argument': truncation from 'double' to 'GLfloat'
C:\Users\user\source\repos\CTIS164\HW2\hw2\hw2.cpp(702,29): warning C4305: 'argument': truncation from 'double' to 'GLfloat'
C:\Users\user\source\repos\CTIS164\HW2\hw2\hw2.cpp(705,29): warning C4305: 'argument': truncation from 'double' to 'GLfloat'
C:\Users\user\source\repos\CTIS164\HW2\hw2\hw2.cpp(715,28): warning C4305: 'argument': truncation from 'double' to 'GLfloat'
C:\Users\user\source\repos\CTIS164\HW2\hw2\hw2.cpp(716,61): warning C4305: 'argument': truncation from 'double' to 'float'
C:\Users\user\source\repos\CTIS164\HW2\hw2\hw2.cpp(717,49): warning C4305: 'argument': truncation from 'double' to 'float'
C:\Users\user\source\repos\CTIS164\HW2\hw2\hw2.cpp(734,31): warning C4305: 'argument': truncation from 'double' to 'GLfloat'
C:\Users\user\source\repos\CTIS164\HW2\hw2\hw2.cpp(736,31): warning C4305: 'argument': truncation from 'double' to 'GLfloat'
C:\Users\user\source\repos\CTIS164\HW2\hw2\hw2.cpp(774,17): warning C4244: 'initializing': conversion from 'int' to 'float', possible loss of data
C:\Users\user\source\repos\CTIS164\HW2\hw2\hw2.cpp(776,14): warning C4244: '=': conversion from 'float' to 'int', possible loss of data
C:\Users\user\source\repos\CTIS164\HW2\hw2\hw2.cpp(922,14): warning C4244: 'initializing': conversion from 'int' to 'float', possible loss of data
C:\Users\user\source\repos\CTIS164\HW2\hw2\hw2.cpp(923,14): warning C4244: 'initializing': conversion from 'int' to 'float', possible loss of data
C:\Users\user\source\repos\CTIS164\HW2\hw2\hw2.cpp(924,13): warning C4244: 'initializing': conversion from 'double' to 'float', possible loss of data
C:\Users\user\source\repos\CTIS164\HW2\hw2\hw2.cpp(1011,35): warning C4326: return type of 'main' should be 'int' instead of 'void'
  hw2.vcxproj -> C:\Users\user\source\repos\CTIS164\HW2\Debug\hw2.exe
